app/build/intermediates/manifest_merge_blame_file/debug/manifest-merger-blame-debug-report.txt
1<?xml version="1.0" encoding="utf-8"?>
2<manifest xmlns:android="http://schemas.android.com/apk/res/android"
3    package="com.project.quiz_app"
4    android:versionCode="1"
5    android:versionName="1.0" >
6
7    <uses-sdk
8        android:minSdkVersion="24"
9        android:targetSdkVersion="34" />
10
11    <uses-permission android:name="android.permission.INTERNET" />
11-->[com.google.firebase:firebase-auth:22.3.1] AndroidManifest.xml:25:5-67
11-->[com.google.firebase:firebase-auth:22.3.1] AndroidManifest.xml:25:22-64
12    <uses-permission android:name="android.permission.ACCESS_NETWORK_STATE" />
12-->[com.google.firebase:firebase-auth:22.3.1] AndroidManifest.xml:26:5-79
12-->[com.google.firebase:firebase-auth:22.3.1] AndroidManifest.xml:26:22-76
13    <uses-permission android:name="com.google.android.providers.gsf.permission.READ_GSERVICES" />
13-->[com.google.android.recaptcha:recaptcha:18.4.0] AndroidManifest.xml:9:5-98
13-->[com.google.android.recaptcha:recaptcha:18.4.0] AndroidManifest.xml:9:22-95
14
15    <permission
15-->[androidx.core:core:1.9.0] AndroidManifest.xml:22:5-24:47
16        android:name="com.project.quiz_app.DYNAMIC_RECEIVER_NOT_EXPORTED_PERMISSION"
16-->[androidx.core:core:1.9.0] AndroidManifest.xml:23:9-81
17        android:protectionLevel="signature" />
17-->[androidx.core:core:1.9.0] AndroidManifest.xml:24:9-44
18
19    <uses-permission android:name="com.project.quiz_app.DYNAMIC_RECEIVER_NOT_EXPORTED_PERMISSION" />
19-->[androidx.core:core:1.9.0] AndroidManifest.xml:26:5-97
19-->[androidx.core:core:1.9.0] AndroidManifest.xml:26:22-94
20
21    <application
21-->src\main\AndroidManifest.xml:5:5-37:19
22        android:allowBackup="true"
22-->src\main\AndroidManifest.xml:6:9-35
23        android:appComponentFactory="androidx.core.app.CoreComponentFactory"
23-->[androidx.core:core:1.9.0] AndroidManifest.xml:28:18-86
24        android:dataExtractionRules="@xml/data_extraction_rules"
24-->src\main\AndroidManifest.xml:7:9-65
25        android:debuggable="true"
26        android:extractNativeLibs="false"
27        android:fullBackupContent="@xml/backup_rules"
27-->src\main\AndroidManifest.xml:8:9-54
28        android:icon="@mipmap/ic_launcher"
28-->src\main\AndroidManifest.xml:9:9-43
29        android:label="@string/app_name"
29-->src\main\AndroidManifest.xml:10:9-41
30        android:roundIcon="@mipmap/ic_launcher_round"
30-->src\main\AndroidManifest.xml:11:9-54
31        android:supportsRtl="true"
31-->src\main\AndroidManifest.xml:12:9-35
32        android:testOnly="true"
33        android:theme="@style/Theme.Material3.Light" >
33-->src\main\AndroidManifest.xml:13:9-53
34        <activity
34-->src\main\AndroidManifest.xml:15:9-18:40
35            android:name="com.project.quiz_app.SetName"
35-->src\main\AndroidManifest.xml:16:13-36
36            android:exported="false"
36-->src\main\AndroidManifest.xml:18:13-37
37            android:theme="@style/Theme.Material3.Light.NoActionBar" />
37-->src\main\AndroidManifest.xml:17:13-69
38        <activity
38-->src\main\AndroidManifest.xml:19:9-22:72
39            android:name="com.project.quiz_app.Register"
39-->src\main\AndroidManifest.xml:20:13-37
40            android:exported="false"
40-->src\main\AndroidManifest.xml:21:13-37
41            android:theme="@style/Theme.Material3.Light.NoActionBar" />
41-->src\main\AndroidManifest.xml:22:13-69
42        <activity
42-->src\main\AndroidManifest.xml:23:9-32:20
43            android:name="com.project.quiz_app.Login"
43-->src\main\AndroidManifest.xml:24:13-34
44            android:exported="true"
44-->src\main\AndroidManifest.xml:25:13-36
45            android:theme="@style/Theme.Material3.Light.NoActionBar" >
45-->src\main\AndroidManifest.xml:26:13-69
46            <intent-filter>
46-->src\main\AndroidManifest.xml:27:13-31:29
47                <action android:name="android.intent.action.MAIN" />
47-->src\main\AndroidManifest.xml:28:17-69
47-->src\main\AndroidManifest.xml:28:25-66
48
49                <category android:name="android.intent.category.LAUNCHER" />
49-->src\main\AndroidManifest.xml:30:17-77
49-->src\main\AndroidManifest.xml:30:27-74
50            </intent-filter>
51        </activity>
52        <activity
52-->src\main\AndroidManifest.xml:33:9-36:72
53            android:name="com.project.quiz_app.MainActivity"
53-->src\main\AndroidManifest.xml:34:13-41
54            android:exported="true"
54-->src\main\AndroidManifest.xml:35:13-36
55            android:theme="@style/Theme.Material3.Light.NoActionBar" />
55-->src\main\AndroidManifest.xml:36:13-69
56        <activity
56-->[com.google.firebase:firebase-auth:22.3.1] AndroidManifest.xml:29:9-46:20
57            android:name="com.google.firebase.auth.internal.GenericIdpActivity"
57-->[com.google.firebase:firebase-auth:22.3.1] AndroidManifest.xml:30:13-80
58            android:excludeFromRecents="true"
58-->[com.google.firebase:firebase-auth:22.3.1] AndroidManifest.xml:31:13-46
59            android:exported="true"
59-->[com.google.firebase:firebase-auth:22.3.1] AndroidManifest.xml:32:13-36
60            android:launchMode="singleTask"
60-->[com.google.firebase:firebase-auth:22.3.1] AndroidManifest.xml:33:13-44
61            android:theme="@android:style/Theme.Translucent.NoTitleBar" >
61-->[com.google.firebase:firebase-auth:22.3.1] AndroidManifest.xml:34:13-72
62            <intent-filter>
62-->[com.google.firebase:firebase-auth:22.3.1] AndroidManifest.xml:35:13-45:29
63                <action android:name="android.intent.action.VIEW" />
63-->[com.google.firebase:firebase-auth:22.3.1] AndroidManifest.xml:36:17-69
63-->[com.google.firebase:firebase-auth:22.3.1] AndroidManifest.xml:36:25-66
64
65                <category android:name="android.intent.category.DEFAULT" />
65-->[com.google.firebase:firebase-auth:22.3.1] AndroidManifest.xml:38:17-76
65-->[com.google.firebase:firebase-auth:22.3.1] AndroidManifest.xml:38:27-73
66                <category android:name="android.intent.category.BROWSABLE" />
66-->[com.google.firebase:firebase-auth:22.3.1] AndroidManifest.xml:39:17-78
66-->[com.google.firebase:firebase-auth:22.3.1] AndroidManifest.xml:39:27-75
67
68                <data
68-->[com.google.firebase:firebase-auth:22.3.1] AndroidManifest.xml:41:17-44:51
69                    android:host="firebase.auth"
69-->[com.google.firebase:firebase-auth:22.3.1] AndroidManifest.xml:42:21-49
70                    android:path="/"
70-->[com.google.firebase:firebase-auth:22.3.1] AndroidManifest.xml:43:21-37
71                    android:scheme="genericidp" />
71-->[com.google.firebase:firebase-auth:22.3.1] AndroidManifest.xml:44:21-48
72            </intent-filter>
73        </activity>
74        <activity
74-->[com.google.firebase:firebase-auth:22.3.1] AndroidManifest.xml:47:9-64:20
75            android:name="com.google.firebase.auth.internal.RecaptchaActivity"
75-->[com.google.firebase:firebase-auth:22.3.1] AndroidManifest.xml:48:13-79
76            android:excludeFromRecents="true"
76-->[com.google.firebase:firebase-auth:22.3.1] AndroidManifest.xml:49:13-46
77            android:exported="true"
77-->[com.google.firebase:firebase-auth:22.3.1] AndroidManifest.xml:50:13-36
78            android:launchMode="singleTask"
78-->[com.google.firebase:firebase-auth:22.3.1] AndroidManifest.xml:51:13-44
79            android:theme="@android:style/Theme.Translucent.NoTitleBar" >
79-->[com.google.firebase:firebase-auth:22.3.1] AndroidManifest.xml:52:13-72
80            <intent-filter>
80-->[com.google.firebase:firebase-auth:22.3.1] AndroidManifest.xml:53:13-63:29
81                <action android:name="android.intent.action.VIEW" />
81-->[com.google.firebase:firebase-auth:22.3.1] AndroidManifest.xml:36:17-69
81-->[com.google.firebase:firebase-auth:22.3.1] AndroidManifest.xml:36:25-66
82
83                <category android:name="android.intent.category.DEFAULT" />
83-->[com.google.firebase:firebase-auth:22.3.1] AndroidManifest.xml:38:17-76
83-->[com.google.firebase:firebase-auth:22.3.1] AndroidManifest.xml:38:27-73
84                <category android:name="android.intent.category.BROWSABLE" />
84-->[com.google.firebase:firebase-auth:22.3.1] AndroidManifest.xml:39:17-78
84-->[com.google.firebase:firebase-auth:22.3.1] AndroidManifest.xml:39:27-75
85
86                <data
86-->[com.google.firebase:firebase-auth:22.3.1] AndroidManifest.xml:41:17-44:51
87                    android:host="firebase.auth"
87-->[com.google.firebase:firebase-auth:22.3.1] AndroidManifest.xml:42:21-49
88                    android:path="/"
88-->[com.google.firebase:firebase-auth:22.3.1] AndroidManifest.xml:43:21-37
89                    android:scheme="recaptcha" />
89-->[com.google.firebase:firebase-auth:22.3.1] AndroidManifest.xml:44:21-48
90            </intent-filter>
91        </activity>
92
93        <service
93-->[com.google.firebase:firebase-auth:22.3.1] AndroidManifest.xml:66:9-72:19
94            android:name="com.google.firebase.components.ComponentDiscoveryService"
94-->[com.google.firebase:firebase-auth:22.3.1] AndroidManifest.xml:67:13-84
95            android:directBootAware="true"
95-->[com.google.firebase:firebase-common:20.4.2] AndroidManifest.xml:32:13-43
96            android:exported="false" >
96-->[com.google.firebase:firebase-auth:22.3.1] AndroidManifest.xml:68:13-37
97            <meta-data
97-->[com.google.firebase:firebase-auth:22.3.1] AndroidManifest.xml:69:13-71:85
98                android:name="com.google.firebase.components:com.google.firebase.auth.FirebaseAuthRegistrar"
98-->[com.google.firebase:firebase-auth:22.3.1] AndroidManifest.xml:70:17-109
99                android:value="com.google.firebase.components.ComponentRegistrar" />
99-->[com.google.firebase:firebase-auth:22.3.1] AndroidManifest.xml:71:17-82
100            <meta-data
100-->[com.google.firebase:firebase-database:20.3.1] AndroidManifest.xml:29:13-31:85
101                android:name="com.google.firebase.components:com.google.firebase.database.FirebaseDatabaseKtxRegistrar"
101-->[com.google.firebase:firebase-database:20.3.1] AndroidManifest.xml:30:17-120
102                android:value="com.google.firebase.components.ComponentRegistrar" />
102-->[com.google.firebase:firebase-database:20.3.1] AndroidManifest.xml:31:17-82
103            <meta-data
103-->[com.google.firebase:firebase-database:20.3.1] AndroidManifest.xml:32:13-34:85
104                android:name="com.google.firebase.components:com.google.firebase.database.DatabaseRegistrar"
104-->[com.google.firebase:firebase-database:20.3.1] AndroidManifest.xml:33:17-109
105                android:value="com.google.firebase.components.ComponentRegistrar" />
105-->[com.google.firebase:firebase-database:20.3.1] AndroidManifest.xml:34:17-82
106            <meta-data
106-->[com.google.firebase:firebase-common-ktx:20.4.2] AndroidManifest.xml:12:13-14:85
107                android:name="com.google.firebase.components:com.google.firebase.ktx.FirebaseCommonLegacyRegistrar"
107-->[com.google.firebase:firebase-common-ktx:20.4.2] AndroidManifest.xml:13:17-116
108                android:value="com.google.firebase.components.ComponentRegistrar" />
108-->[com.google.firebase:firebase-common-ktx:20.4.2] AndroidManifest.xml:14:17-82
109            <meta-data
109-->[com.google.firebase:firebase-common:20.4.2] AndroidManifest.xml:35:13-37:85
110                android:name="com.google.firebase.components:com.google.firebase.FirebaseCommonKtxRegistrar"
110-->[com.google.firebase:firebase-common:20.4.2] AndroidManifest.xml:36:17-109
111                android:value="com.google.firebase.components.ComponentRegistrar" />
111-->[com.google.firebase:firebase-common:20.4.2] AndroidManifest.xml:37:17-82
112        </service>
113
114        <provider
114-->[com.google.firebase:firebase-common:20.4.2] AndroidManifest.xml:23:9-28:39
115            android:name="com.google.firebase.provider.FirebaseInitProvider"
115-->[com.google.firebase:firebase-common:20.4.2] AndroidManifest.xml:24:13-77
116            android:authorities="com.project.quiz_app.firebaseinitprovider"
116-->[com.google.firebase:firebase-common:20.4.2] AndroidManifest.xml:25:13-72
117            android:directBootAware="true"
117-->[com.google.firebase:firebase-common:20.4.2] AndroidManifest.xml:26:13-43
118            android:exported="false"
118-->[com.google.firebase:firebase-common:20.4.2] AndroidManifest.xml:27:13-37
119            android:initOrder="100" />
119-->[com.google.firebase:firebase-common:20.4.2] AndroidManifest.xml:28:13-36
120
121        <activity
121-->[com.google.android.gms:play-services-base:18.1.0] AndroidManifest.xml:20:9-22:45
122            android:name="com.google.android.gms.common.api.GoogleApiActivity"
122-->[com.google.android.gms:play-services-base:18.1.0] AndroidManifest.xml:20:19-85
123            android:exported="false"
123-->[com.google.android.gms:play-services-base:18.1.0] AndroidManifest.xml:22:19-43
124            android:theme="@android:style/Theme.Translucent.NoTitleBar" />
124-->[com.google.android.gms:play-services-base:18.1.0] AndroidManifest.xml:21:19-78
125
126        <provider
126-->[androidx.emoji2:emoji2:1.2.0] AndroidManifest.xml:24:9-32:20
127            android:name="androidx.startup.InitializationProvider"
127-->[androidx.emoji2:emoji2:1.2.0] AndroidManifest.xml:25:13-67
128            android:authorities="com.project.quiz_app.androidx-startup"
128-->[androidx.emoji2:emoji2:1.2.0] AndroidManifest.xml:26:13-68
129            android:exported="false" >
129-->[androidx.emoji2:emoji2:1.2.0] AndroidManifest.xml:27:13-37
130            <meta-data
130-->[androidx.emoji2:emoji2:1.2.0] AndroidManifest.xml:29:13-31:52
131                android:name="androidx.emoji2.text.EmojiCompatInitializer"
131-->[androidx.emoji2:emoji2:1.2.0] AndroidManifest.xml:30:17-75
132                android:value="androidx.startup" />
132-->[androidx.emoji2:emoji2:1.2.0] AndroidManifest.xml:31:17-49
133            <meta-data
133-->[androidx.lifecycle:lifecycle-process:2.6.1] AndroidManifest.xml:29:13-31:52
134                android:name="androidx.lifecycle.ProcessLifecycleInitializer"
134-->[androidx.lifecycle:lifecycle-process:2.6.1] AndroidManifest.xml:30:17-78
135                android:value="androidx.startup" />
135-->[androidx.lifecycle:lifecycle-process:2.6.1] AndroidManifest.xml:31:17-49
136            <meta-data
136-->[androidx.profileinstaller:profileinstaller:1.3.0] AndroidManifest.xml:29:13-31:52
137                android:name="androidx.profileinstaller.ProfileInstallerInitializer"
137-->[androidx.profileinstaller:profileinstaller:1.3.0] AndroidManifest.xml:30:17-85
138                android:value="androidx.startup" />
138-->[androidx.profileinstaller:profileinstaller:1.3.0] AndroidManifest.xml:31:17-49
139        </provider>
140
141        <meta-data
141-->[com.google.android.gms:play-services-basement:18.3.0] AndroidManifest.xml:21:9-23:69
142            android:name="com.google.android.gms.version"
142-->[com.google.android.gms:play-services-basement:18.3.0] AndroidManifest.xml:22:13-58
143            android:value="@integer/google_play_services_version" />
143-->[com.google.android.gms:play-services-basement:18.3.0] AndroidManifest.xml:23:13-66
144
145        <receiver
145-->[androidx.profileinstaller:profileinstaller:1.3.0] AndroidManifest.xml:34:9-52:20
146            android:name="androidx.profileinstaller.ProfileInstallReceiver"
146-->[androidx.profileinstaller:profileinstaller:1.3.0] AndroidManifest.xml:35:13-76
147            android:directBootAware="false"
147-->[androidx.profileinstaller:profileinstaller:1.3.0] AndroidManifest.xml:36:13-44
148            android:enabled="true"
148-->[androidx.profileinstaller:profileinstaller:1.3.0] AndroidManifest.xml:37:13-35
149            android:exported="true"
149-->[androidx.profileinstaller:profileinstaller:1.3.0] AndroidManifest.xml:38:13-36
150            android:permission="android.permission.DUMP" >
150-->[androidx.profileinstaller:profileinstaller:1.3.0] AndroidManifest.xml:39:13-57
151            <intent-filter>
151-->[androidx.profileinstaller:profileinstaller:1.3.0] AndroidManifest.xml:40:13-42:29
152                <action android:name="androidx.profileinstaller.action.INSTALL_PROFILE" />
152-->[androidx.profileinstaller:profileinstaller:1.3.0] AndroidManifest.xml:41:17-91
152-->[androidx.profileinstaller:profileinstaller:1.3.0] AndroidManifest.xml:41:25-88
153            </intent-filter>
154            <intent-filter>
154-->[androidx.profileinstaller:profileinstaller:1.3.0] AndroidManifest.xml:43:13-45:29
155                <action android:name="androidx.profileinstaller.action.SKIP_FILE" />
155-->[androidx.profileinstaller:profileinstaller:1.3.0] AndroidManifest.xml:44:17-85
155-->[androidx.profileinstaller:profileinstaller:1.3.0] AndroidManifest.xml:44:25-82
156            </intent-filter>
157            <intent-filter>
157-->[androidx.profileinstaller:profileinstaller:1.3.0] AndroidManifest.xml:46:13-48:29
158                <action android:name="androidx.profileinstaller.action.SAVE_PROFILE" />
158-->[androidx.profileinstaller:profileinstaller:1.3.0] AndroidManifest.xml:47:17-88
158-->[androidx.profileinstaller:profileinstaller:1.3.0] AndroidManifest.xml:47:25-85
159            </intent-filter>
160            <intent-filter>
160-->[androidx.profileinstaller:profileinstaller:1.3.0] AndroidManifest.xml:49:13-51:29
161                <action android:name="androidx.profileinstaller.action.BENCHMARK_OPERATION" />
161-->[androidx.profileinstaller:profileinstaller:1.3.0] AndroidManifest.xml:50:17-95
161-->[androidx.profileinstaller:profileinstaller:1.3.0] AndroidManifest.xml:50:25-92
162            </intent-filter>
163        </receiver>
164    </application>
165
166</manifest>